<?xml version="1.0" encoding="UTF-8"?>
<!-- Generated by org.testng.reporters.JUnitXMLReporter -->
<testsuite ignored="0" hostname="Gibrans-MacBook-Air.local" failures="0" tests="7" name="Default test" time="0.197" errors="0" timestamp="2021-07-29T07:30:32 EDT">
  <testcase classname="com.ccc.routes.recursion.TrainsRoutesDirectedGraphTestNg" name="testCreateTrainsRoutes" time="0.024"/>
  <testcase classname="com.ccc.routes.recursion.TrainsRoutesDirectedGraphTestNg" name="testGetRouteDistance" time="0.01"/>
  <testcase classname="com.ccc.routes.recursion.TrainsRoutesDirectedGraphTestNg" name="testGetNumberOfTripsWithMaxStops" time="0.012"/>
  <testcase classname="com.ccc.routes.recursion.TrainsRoutesDirectedGraphTestNg" name="testGetNumberOfTripsWithExactStops" time="0.004"/>
  <testcase classname="com.ccc.routes.recursion.TrainsRoutesDirectedGraphTestNg" name="testGetNumberOfTripsWithNumberOfStops" time="0.004"/>
  <testcase classname="com.ccc.routes.recursion.TrainsRoutesDirectedGraphTestNg" name="testGetShortestRouteDistance" time="0.037"/>
  <testcase classname="com.ccc.routes.recursion.TrainsRoutesDirectedGraphTestNg" name="testGetNumberOfDifferentRoutesWithMaxDistance" time="0.021"/>
</testsuite> <!-- Default test -->
