<?xml version="1.0" encoding="UTF-8"?>
<!-- Generated by org.testng.reporters.JUnitXMLReporter -->
<testsuite ignored="0" hostname="Gibrans-MacBook-Air.local" failures="0" tests="2" name="TrainsRoutesQA" time="0.09" errors="0" timestamp="2021-07-29T07:04:42 EDT">
  <testcase classname="com.ccc.routes.recursion.TrainsRoutesDirectedGraphTestNg" name="testCreateTrainsRoutes" time="0.018"/>
  <testcase classname="com.ccc.routes.recursion.TrainsRoutesDirectedGraphTestNg" name="testGetRouteDistance" time="0.008"/>
</testsuite> <!-- TrainsRoutesQA -->
