<?xml version="1.0" encoding="UTF-8"?>
<testng-results ignored="0" total="7" passed="7" failed="0" skipped="0">
  <reporter-output>
  </reporter-output>
  <suite started-at="2021-07-29T07:30:32 EDT" name="Default suite" finished-at="2021-07-29T07:30:32 EDT" duration-ms="197">
    <groups>
      <group name="shakeout">
        <method signature="TrainsRoutesDirectedGraphTestNg.testCreateTrainsRoutes()[pri:1, instance:com.ccc.routes.recursion.TrainsRoutesDirectedGraphTestNg@49c66ade]" name="testCreateTrainsRoutes" class="com.ccc.routes.recursion.TrainsRoutesDirectedGraphTestNg"/>
        <method signature="TrainsRoutesDirectedGraphTestNg.testGetNumberOfDifferentRoutesWithMaxDistance()[pri:7, instance:com.ccc.routes.recursion.TrainsRoutesDirectedGraphTestNg@49c66ade]" name="testGetNumberOfDifferentRoutesWithMaxDistance" class="com.ccc.routes.recursion.TrainsRoutesDirectedGraphTestNg"/>
        <method signature="TrainsRoutesDirectedGraphTestNg.testGetNumberOfTripsWithExactStops()[pri:4, instance:com.ccc.routes.recursion.TrainsRoutesDirectedGraphTestNg@49c66ade]" name="testGetNumberOfTripsWithExactStops" class="com.ccc.routes.recursion.TrainsRoutesDirectedGraphTestNg"/>
        <method signature="TrainsRoutesDirectedGraphTestNg.testGetNumberOfTripsWithMaxStops()[pri:3, instance:com.ccc.routes.recursion.TrainsRoutesDirectedGraphTestNg@49c66ade]" name="testGetNumberOfTripsWithMaxStops" class="com.ccc.routes.recursion.TrainsRoutesDirectedGraphTestNg"/>
        <method signature="TrainsRoutesDirectedGraphTestNg.testGetNumberOfTripsWithNumberOfStops()[pri:5, instance:com.ccc.routes.recursion.TrainsRoutesDirectedGraphTestNg@49c66ade]" name="testGetNumberOfTripsWithNumberOfStops" class="com.ccc.routes.recursion.TrainsRoutesDirectedGraphTestNg"/>
        <method signature="TrainsRoutesDirectedGraphTestNg.testGetRouteDistance()[pri:2, instance:com.ccc.routes.recursion.TrainsRoutesDirectedGraphTestNg@49c66ade]" name="testGetRouteDistance" class="com.ccc.routes.recursion.TrainsRoutesDirectedGraphTestNg"/>
        <method signature="TrainsRoutesDirectedGraphTestNg.testGetShortestRouteDistance()[pri:6, instance:com.ccc.routes.recursion.TrainsRoutesDirectedGraphTestNg@49c66ade]" name="testGetShortestRouteDistance" class="com.ccc.routes.recursion.TrainsRoutesDirectedGraphTestNg"/>
      </group> <!-- shakeout -->
      <group name="MC">
        <method signature="TrainsRoutesDirectedGraphTestNg.testCreateTrainsRoutes()[pri:1, instance:com.ccc.routes.recursion.TrainsRoutesDirectedGraphTestNg@49c66ade]" name="testCreateTrainsRoutes" class="com.ccc.routes.recursion.TrainsRoutesDirectedGraphTestNg"/>
        <method signature="TrainsRoutesDirectedGraphTestNg.testGetNumberOfDifferentRoutesWithMaxDistance()[pri:7, instance:com.ccc.routes.recursion.TrainsRoutesDirectedGraphTestNg@49c66ade]" name="testGetNumberOfDifferentRoutesWithMaxDistance" class="com.ccc.routes.recursion.TrainsRoutesDirectedGraphTestNg"/>
        <method signature="TrainsRoutesDirectedGraphTestNg.testGetNumberOfTripsWithExactStops()[pri:4, instance:com.ccc.routes.recursion.TrainsRoutesDirectedGraphTestNg@49c66ade]" name="testGetNumberOfTripsWithExactStops" class="com.ccc.routes.recursion.TrainsRoutesDirectedGraphTestNg"/>
        <method signature="TrainsRoutesDirectedGraphTestNg.testGetNumberOfTripsWithMaxStops()[pri:3, instance:com.ccc.routes.recursion.TrainsRoutesDirectedGraphTestNg@49c66ade]" name="testGetNumberOfTripsWithMaxStops" class="com.ccc.routes.recursion.TrainsRoutesDirectedGraphTestNg"/>
        <method signature="TrainsRoutesDirectedGraphTestNg.testGetNumberOfTripsWithNumberOfStops()[pri:5, instance:com.ccc.routes.recursion.TrainsRoutesDirectedGraphTestNg@49c66ade]" name="testGetNumberOfTripsWithNumberOfStops" class="com.ccc.routes.recursion.TrainsRoutesDirectedGraphTestNg"/>
        <method signature="TrainsRoutesDirectedGraphTestNg.testGetRouteDistance()[pri:2, instance:com.ccc.routes.recursion.TrainsRoutesDirectedGraphTestNg@49c66ade]" name="testGetRouteDistance" class="com.ccc.routes.recursion.TrainsRoutesDirectedGraphTestNg"/>
        <method signature="TrainsRoutesDirectedGraphTestNg.testGetShortestRouteDistance()[pri:6, instance:com.ccc.routes.recursion.TrainsRoutesDirectedGraphTestNg@49c66ade]" name="testGetShortestRouteDistance" class="com.ccc.routes.recursion.TrainsRoutesDirectedGraphTestNg"/>
      </group> <!-- MC -->
      <group name="regression">
        <method signature="TrainsRoutesDirectedGraphTestNg.testCreateTrainsRoutes()[pri:1, instance:com.ccc.routes.recursion.TrainsRoutesDirectedGraphTestNg@49c66ade]" name="testCreateTrainsRoutes" class="com.ccc.routes.recursion.TrainsRoutesDirectedGraphTestNg"/>
        <method signature="TrainsRoutesDirectedGraphTestNg.testGetNumberOfDifferentRoutesWithMaxDistance()[pri:7, instance:com.ccc.routes.recursion.TrainsRoutesDirectedGraphTestNg@49c66ade]" name="testGetNumberOfDifferentRoutesWithMaxDistance" class="com.ccc.routes.recursion.TrainsRoutesDirectedGraphTestNg"/>
        <method signature="TrainsRoutesDirectedGraphTestNg.testGetNumberOfTripsWithExactStops()[pri:4, instance:com.ccc.routes.recursion.TrainsRoutesDirectedGraphTestNg@49c66ade]" name="testGetNumberOfTripsWithExactStops" class="com.ccc.routes.recursion.TrainsRoutesDirectedGraphTestNg"/>
        <method signature="TrainsRoutesDirectedGraphTestNg.testGetNumberOfTripsWithMaxStops()[pri:3, instance:com.ccc.routes.recursion.TrainsRoutesDirectedGraphTestNg@49c66ade]" name="testGetNumberOfTripsWithMaxStops" class="com.ccc.routes.recursion.TrainsRoutesDirectedGraphTestNg"/>
        <method signature="TrainsRoutesDirectedGraphTestNg.testGetNumberOfTripsWithNumberOfStops()[pri:5, instance:com.ccc.routes.recursion.TrainsRoutesDirectedGraphTestNg@49c66ade]" name="testGetNumberOfTripsWithNumberOfStops" class="com.ccc.routes.recursion.TrainsRoutesDirectedGraphTestNg"/>
        <method signature="TrainsRoutesDirectedGraphTestNg.testGetRouteDistance()[pri:2, instance:com.ccc.routes.recursion.TrainsRoutesDirectedGraphTestNg@49c66ade]" name="testGetRouteDistance" class="com.ccc.routes.recursion.TrainsRoutesDirectedGraphTestNg"/>
        <method signature="TrainsRoutesDirectedGraphTestNg.testGetShortestRouteDistance()[pri:6, instance:com.ccc.routes.recursion.TrainsRoutesDirectedGraphTestNg@49c66ade]" name="testGetShortestRouteDistance" class="com.ccc.routes.recursion.TrainsRoutesDirectedGraphTestNg"/>
      </group> <!-- regression -->
    </groups>
    <test started-at="2021-07-29T07:30:32 EDT" name="Default test" finished-at="2021-07-29T07:30:32 EDT" duration-ms="197">
      <class name="com.ccc.routes.recursion.TrainsRoutesDirectedGraphTestNg">
        <test-method is-config="true" signature="loadValidTrainsRoutesInDirectedGraph()[pri:0, instance:com.ccc.routes.recursion.TrainsRoutesDirectedGraphTestNg@49c66ade]" started-at="2021-07-29T07:30:32 EDT" name="loadValidTrainsRoutesInDirectedGraph" finished-at="2021-07-29T07:30:32 EDT" duration-ms="26" status="PASS">
          <reporter-output>
          </reporter-output>
        </test-method> <!-- loadValidTrainsRoutesInDirectedGraph -->
        <test-method signature="testCreateTrainsRoutes()[pri:1, instance:com.ccc.routes.recursion.TrainsRoutesDirectedGraphTestNg@49c66ade]" started-at="2021-07-29T07:30:32 EDT" name="testCreateTrainsRoutes" description="Test the creation of the trains routes" finished-at="2021-07-29T07:30:32 EDT" duration-ms="24" status="PASS">
          <reporter-output>
          </reporter-output>
        </test-method> <!-- testCreateTrainsRoutes -->
        <test-method signature="testGetRouteDistance()[pri:2, instance:com.ccc.routes.recursion.TrainsRoutesDirectedGraphTestNg@49c66ade]" started-at="2021-07-29T07:30:32 EDT" name="testGetRouteDistance" description="Test getting route distance for five different routes" finished-at="2021-07-29T07:30:32 EDT" duration-ms="10" status="PASS">
          <reporter-output>
          </reporter-output>
        </test-method> <!-- testGetRouteDistance -->
        <test-method signature="testGetNumberOfTripsWithMaxStops()[pri:3, instance:com.ccc.routes.recursion.TrainsRoutesDirectedGraphTestNg@49c66ade]" started-at="2021-07-29T07:30:32 EDT" name="testGetNumberOfTripsWithMaxStops" description="Test getting the number of trips with a given maximum number of stops" finished-at="2021-07-29T07:30:32 EDT" duration-ms="12" status="PASS">
          <reporter-output>
          </reporter-output>
        </test-method> <!-- testGetNumberOfTripsWithMaxStops -->
        <test-method signature="testGetNumberOfTripsWithExactStops()[pri:4, instance:com.ccc.routes.recursion.TrainsRoutesDirectedGraphTestNg@49c66ade]" started-at="2021-07-29T07:30:32 EDT" name="testGetNumberOfTripsWithExactStops" description="Test getting the number of trips with an exact number of stops" finished-at="2021-07-29T07:30:32 EDT" duration-ms="4" status="PASS">
          <reporter-output>
          </reporter-output>
        </test-method> <!-- testGetNumberOfTripsWithExactStops -->
        <test-method signature="testGetNumberOfTripsWithNumberOfStops()[pri:5, instance:com.ccc.routes.recursion.TrainsRoutesDirectedGraphTestNg@49c66ade]" started-at="2021-07-29T07:30:32 EDT" name="testGetNumberOfTripsWithNumberOfStops" description="Test getting the number of trips with a given number of stops" finished-at="2021-07-29T07:30:32 EDT" duration-ms="4" status="PASS">
          <reporter-output>
          </reporter-output>
        </test-method> <!-- testGetNumberOfTripsWithNumberOfStops -->
        <test-method signature="testGetShortestRouteDistance()[pri:6, instance:com.ccc.routes.recursion.TrainsRoutesDirectedGraphTestNg@49c66ade]" started-at="2021-07-29T07:30:32 EDT" name="testGetShortestRouteDistance" description="Test getting the shortest route distance" finished-at="2021-07-29T07:30:32 EDT" duration-ms="37" status="PASS">
          <reporter-output>
          </reporter-output>
        </test-method> <!-- testGetShortestRouteDistance -->
        <test-method signature="testGetNumberOfDifferentRoutesWithMaxDistance()[pri:7, instance:com.ccc.routes.recursion.TrainsRoutesDirectedGraphTestNg@49c66ade]" started-at="2021-07-29T07:30:32 EDT" name="testGetNumberOfDifferentRoutesWithMaxDistance" description="Test getting number of different routes with a given maximum distance" finished-at="2021-07-29T07:30:32 EDT" duration-ms="21" status="PASS">
          <reporter-output>
          </reporter-output>
        </test-method> <!-- testGetNumberOfDifferentRoutesWithMaxDistance -->
        <test-method is-config="true" signature="tearDown()[pri:0, instance:com.ccc.routes.recursion.TrainsRoutesDirectedGraphTestNg@49c66ade]" started-at="2021-07-29T07:30:32 EDT" name="tearDown" finished-at="2021-07-29T07:30:32 EDT" duration-ms="1" status="PASS">
          <reporter-output>
          </reporter-output>
        </test-method> <!-- tearDown -->
      </class> <!-- com.ccc.routes.recursion.TrainsRoutesDirectedGraphTestNg -->
    </test> <!-- Default test -->
  </suite> <!-- Default suite -->
</testng-results>
